<?xml version="1.0" encoding="UTF-8"?>
<testsuite xmlns:xsi="http://www.w3.org/2001/XMLSchema-instance" xsi:noNamespaceSchemaLocation="https://maven.apache.org/surefire/maven-surefire-plugin/xsd/surefire-test-report-3.0.xsd" version="3.0" name="TestSuite" time="75.466" tests="26" errors="0" skipped="0" failures="0">
  <properties>
    <property name="java.specification.version" value="17"/>
    <property name="sun.cpu.isalist" value="amd64"/>
    <property name="sun.jnu.encoding" value="Cp1252"/>
    <property name="java.class.path" value="D:\Docker_Demos\New\AutomationFramework\Airlinegrid\target\test-classes;D:\Docker_Demos\New\AutomationFramework\Airlinegrid\target\classes;C:\Users\MINE\.m2\repository\org\seleniumhq\selenium\selenium-java\4.11.0\selenium-java-4.11.0.jar;C:\Users\MINE\.m2\repository\org\seleniumhq\selenium\selenium-api\4.11.0\selenium-api-4.11.0.jar;C:\Users\MINE\.m2\repository\org\seleniumhq\selenium\selenium-chrome-driver\4.11.0\selenium-chrome-driver-4.11.0.jar;C:\Users\MINE\.m2\repository\com\google\auto\service\auto-service-annotations\1.0.1\auto-service-annotations-1.0.1.jar;C:\Users\MINE\.m2\repository\com\google\guava\guava\31.1-jre\guava-31.1-jre.jar;C:\Users\MINE\.m2\repository\com\google\guava\failureaccess\1.0.1\failureaccess-1.0.1.jar;C:\Users\MINE\.m2\repository\com\google\guava\listenablefuture\9999.0-empty-to-avoid-conflict-with-guava\listenablefuture-9999.0-empty-to-avoid-conflict-with-guava.jar;C:\Users\MINE\.m2\repository\com\google\code\findbugs\jsr305\3.0.2\jsr305-3.0.2.jar;C:\Users\MINE\.m2\repository\org\checkerframework\checker-qual\3.12.0\checker-qual-3.12.0.jar;C:\Users\MINE\.m2\repository\com\google\errorprone\error_prone_annotations\2.11.0\error_prone_annotations-2.11.0.jar;C:\Users\MINE\.m2\repository\com\google\j2objc\j2objc-annotations\1.3\j2objc-annotations-1.3.jar;C:\Users\MINE\.m2\repository\org\seleniumhq\selenium\selenium-chromium-driver\4.11.0\selenium-chromium-driver-4.11.0.jar;C:\Users\MINE\.m2\repository\org\seleniumhq\selenium\selenium-json\4.11.0\selenium-json-4.11.0.jar;C:\Users\MINE\.m2\repository\org\seleniumhq\selenium\selenium-manager\4.11.0\selenium-manager-4.11.0.jar;C:\Users\MINE\.m2\repository\org\seleniumhq\selenium\selenium-devtools-v113\4.11.0\selenium-devtools-v113-4.11.0.jar;C:\Users\MINE\.m2\repository\org\seleniumhq\selenium\selenium-devtools-v114\4.11.0\selenium-devtools-v114-4.11.0.jar;C:\Users\MINE\.m2\repository\org\seleniumhq\selenium\selenium-devtools-v115\4.11.0\selenium-devtools-v115-4.11.0.jar;C:\Users\MINE\.m2\repository\org\seleniumhq\selenium\selenium-devtools-v85\4.11.0\selenium-devtools-v85-4.11.0.jar;C:\Users\MINE\.m2\repository\org\seleniumhq\selenium\selenium-edge-driver\4.11.0\selenium-edge-driver-4.11.0.jar;C:\Users\MINE\.m2\repository\org\seleniumhq\selenium\selenium-firefox-driver\4.11.0\selenium-firefox-driver-4.11.0.jar;C:\Users\MINE\.m2\repository\org\seleniumhq\selenium\selenium-http\4.11.0\selenium-http-4.11.0.jar;C:\Users\MINE\.m2\repository\dev\failsafe\failsafe\3.3.1\failsafe-3.3.1.jar;C:\Users\MINE\.m2\repository\org\seleniumhq\selenium\selenium-ie-driver\4.11.0\selenium-ie-driver-4.11.0.jar;C:\Users\MINE\.m2\repository\org\seleniumhq\selenium\selenium-remote-driver\4.11.0\selenium-remote-driver-4.11.0.jar;C:\Users\MINE\.m2\repository\io\netty\netty-buffer\4.1.92.Final\netty-buffer-4.1.92.Final.jar;C:\Users\MINE\.m2\repository\io\netty\netty-codec-http\4.1.92.Final\netty-codec-http-4.1.92.Final.jar;C:\Users\MINE\.m2\repository\io\netty\netty-codec\4.1.92.Final\netty-codec-4.1.92.Final.jar;C:\Users\MINE\.m2\repository\io\netty\netty-handler\4.1.92.Final\netty-handler-4.1.92.Final.jar;C:\Users\MINE\.m2\repository\io\netty\netty-common\4.1.92.Final\netty-common-4.1.92.Final.jar;C:\Users\MINE\.m2\repository\io\netty\netty-transport-classes-epoll\4.1.92.Final\netty-transport-classes-epoll-4.1.92.Final.jar;C:\Users\MINE\.m2\repository\io\netty\netty-transport-classes-kqueue\4.1.92.Final\netty-transport-classes-kqueue-4.1.92.Final.jar;C:\Users\MINE\.m2\repository\io\netty\netty-transport-native-epoll\4.1.92.Final\netty-transport-native-epoll-4.1.92.Final.jar;C:\Users\MINE\.m2\repository\io\netty\netty-transport-native-kqueue\4.1.92.Final\netty-transport-native-kqueue-4.1.92.Final.jar;C:\Users\MINE\.m2\repository\io\netty\netty-transport-native-unix-common\4.1.92.Final\netty-transport-native-unix-common-4.1.92.Final.jar;C:\Users\MINE\.m2\repository\io\netty\netty-transport\4.1.92.Final\netty-transport-4.1.92.Final.jar;C:\Users\MINE\.m2\repository\io\netty\netty-resolver\4.1.92.Final\netty-resolver-4.1.92.Final.jar;C:\Users\MINE\.m2\repository\io\opentelemetry\opentelemetry-api\1.26.0\opentelemetry-api-1.26.0.jar;C:\Users\MINE\.m2\repository\io\opentelemetry\opentelemetry-context\1.26.0\opentelemetry-context-1.26.0.jar;C:\Users\MINE\.m2\repository\io\opentelemetry\opentelemetry-exporter-logging\1.26.0\opentelemetry-exporter-logging-1.26.0.jar;C:\Users\MINE\.m2\repository\io\opentelemetry\opentelemetry-sdk-metrics\1.26.0\opentelemetry-sdk-metrics-1.26.0.jar;C:\Users\MINE\.m2\repository\io\opentelemetry\opentelemetry-extension-incubator\1.26.0-alpha\opentelemetry-extension-incubator-1.26.0-alpha.jar;C:\Users\MINE\.m2\repository\io\opentelemetry\opentelemetry-sdk-logs\1.26.0-alpha\opentelemetry-sdk-logs-1.26.0-alpha.jar;C:\Users\MINE\.m2\repository\io\opentelemetry\opentelemetry-api-logs\1.26.0-alpha\opentelemetry-api-logs-1.26.0-alpha.jar;C:\Users\MINE\.m2\repository\io\opentelemetry\opentelemetry-api-events\1.26.0-alpha\opentelemetry-api-events-1.26.0-alpha.jar;C:\Users\MINE\.m2\repository\io\opentelemetry\opentelemetry-sdk-common\1.26.0\opentelemetry-sdk-common-1.26.0.jar;C:\Users\MINE\.m2\repository\io\opentelemetry\opentelemetry-sdk-extension-autoconfigure-spi\1.26.0\opentelemetry-sdk-extension-autoconfigure-spi-1.26.0.jar;C:\Users\MINE\.m2\repository\io\opentelemetry\opentelemetry-sdk-extension-autoconfigure\1.26.0-alpha\opentelemetry-sdk-extension-autoconfigure-1.26.0-alpha.jar;C:\Users\MINE\.m2\repository\io\opentelemetry\opentelemetry-sdk-trace\1.26.0\opentelemetry-sdk-trace-1.26.0.jar;C:\Users\MINE\.m2\repository\io\opentelemetry\opentelemetry-sdk\1.26.0\opentelemetry-sdk-1.26.0.jar;C:\Users\MINE\.m2\repository\io\opentelemetry\opentelemetry-semconv\1.26.0-alpha\opentelemetry-semconv-1.26.0-alpha.jar;C:\Users\MINE\.m2\repository\net\bytebuddy\byte-buddy\1.14.4\byte-buddy-1.14.4.jar;C:\Users\MINE\.m2\repository\org\apache\commons\commons-exec\1.3\commons-exec-1.3.jar;C:\Users\MINE\.m2\repository\org\asynchttpclient\async-http-client\2.12.3\async-http-client-2.12.3.jar;C:\Users\MINE\.m2\repository\org\asynchttpclient\async-http-client-netty-utils\2.12.3\async-http-client-netty-utils-2.12.3.jar;C:\Users\MINE\.m2\repository\io\netty\netty-codec-socks\4.1.60.Final\netty-codec-socks-4.1.60.Final.jar;C:\Users\MINE\.m2\repository\io\netty\netty-handler-proxy\4.1.60.Final\netty-handler-proxy-4.1.60.Final.jar;C:\Users\MINE\.m2\repository\io\netty\netty-transport-native-epoll\4.1.60.Final\netty-transport-native-epoll-4.1.60.Final-linux-x86_64.jar;C:\Users\MINE\.m2\repository\io\netty\netty-transport-native-kqueue\4.1.60.Final\netty-transport-native-kqueue-4.1.60.Final-osx-x86_64.jar;C:\Users\MINE\.m2\repository\org\reactivestreams\reactive-streams\1.0.3\reactive-streams-1.0.3.jar;C:\Users\MINE\.m2\repository\com\typesafe\netty\netty-reactive-streams\2.0.4\netty-reactive-streams-2.0.4.jar;C:\Users\MINE\.m2\repository\com\sun\activation\jakarta.activation\1.2.2\jakarta.activation-1.2.2.jar;C:\Users\MINE\.m2\repository\org\seleniumhq\selenium\selenium-safari-driver\4.11.0\selenium-safari-driver-4.11.0.jar;C:\Users\MINE\.m2\repository\org\seleniumhq\selenium\selenium-support\4.11.0\selenium-support-4.11.0.jar;C:\Users\MINE\.m2\repository\ch\qos\logback\logback-classic\1.4.8\logback-classic-1.4.8.jar;C:\Users\MINE\.m2\repository\ch\qos\logback\logback-core\1.4.8\logback-core-1.4.8.jar;C:\Users\MINE\.m2\repository\org\slf4j\slf4j-api\2.0.7\slf4j-api-2.0.7.jar;C:\Users\MINE\.m2\repository\io\github\bonigarcia\webdrivermanager\5.4.0\webdrivermanager-5.4.0.jar;C:\Users\MINE\.m2\repository\com\google\code\gson\gson\2.10.1\gson-2.10.1.jar;C:\Users\MINE\.m2\repository\com\github\docker-java\docker-java\3.3.1\docker-java-3.3.1.jar;C:\Users\MINE\.m2\repository\com\github\docker-java\docker-java-core\3.3.1\docker-java-core-3.3.1.jar;C:\Users\MINE\.m2\repository\com\github\docker-java\docker-java-api\3.3.1\docker-java-api-3.3.1.jar;C:\Users\MINE\.m2\repository\commons-io\commons-io\2.6\commons-io-2.6.jar;C:\Users\MINE\.m2\repository\org\apache\commons\commons-compress\1.21\commons-compress-1.21.jar;C:\Users\MINE\.m2\repository\org\bouncycastle\bcpkix-jdk15on\1.64\bcpkix-jdk15on-1.64.jar;C:\Users\MINE\.m2\repository\org\bouncycastle\bcprov-jdk15on\1.64\bcprov-jdk15on-1.64.jar;C:\Users\MINE\.m2\repository\org\slf4j\jcl-over-slf4j\1.7.30\jcl-over-slf4j-1.7.30.jar;C:\Users\MINE\.m2\repository\com\github\docker-java\docker-java-transport-httpclient5\3.3.1\docker-java-transport-httpclient5-3.3.1.jar;C:\Users\MINE\.m2\repository\com\github\docker-java\docker-java-transport\3.3.1\docker-java-transport-3.3.1.jar;C:\Users\MINE\.m2\repository\net\java\dev\jna\jna\5.12.1\jna-5.12.1.jar;C:\Users\MINE\.m2\repository\org\brotli\dec\0.1.2\dec-0.1.2.jar;C:\Users\MINE\.m2\repository\org\apache\commons\commons-lang3\3.12.0\commons-lang3-3.12.0.jar;C:\Users\MINE\.m2\repository\org\apache\httpcomponents\client5\httpclient5\5.2.1\httpclient5-5.2.1.jar;C:\Users\MINE\.m2\repository\org\apache\httpcomponents\core5\httpcore5\5.2\httpcore5-5.2.jar;C:\Users\MINE\.m2\repository\org\apache\httpcomponents\core5\httpcore5-h2\5.2\httpcore5-h2-5.2.jar;C:\Users\MINE\.m2\repository\com\fasterxml\jackson\core\jackson-databind\2.12.0\jackson-databind-2.12.0.jar;C:\Users\MINE\.m2\repository\com\fasterxml\jackson\core\jackson-annotations\2.12.0\jackson-annotations-2.12.0.jar;C:\Users\MINE\.m2\repository\com\fasterxml\jackson\core\jackson-core\2.12.0\jackson-core-2.12.0.jar;C:\Users\MINE\.m2\repository\org\testng\testng\7.8.0\testng-7.8.0.jar;C:\Users\MINE\.m2\repository\com\beust\jcommander\1.82\jcommander-1.82.jar;C:\Users\MINE\.m2\repository\org\webjars\jquery\3.6.1\jquery-3.6.1.jar;"/>
    <property name="java.vm.vendor" value="Oracle Corporation"/>
    <property name="sun.arch.data.model" value="64"/>
    <property name="user.variant" value=""/>
    <property name="java.vendor.url" value="https://java.oracle.com/"/>
    <property name="user.timezone" value="Asia/Calcutta"/>
    <property name="os.name" value="Windows 11"/>
    <property name="java.vm.specification.version" value="17"/>
    <property name="sun.java.launcher" value="SUN_STANDARD"/>
    <property name="user.country" value="IN"/>
    <property name="sun.boot.library.path" value="C:\Program Files\Java\jdk-17.0.3.1\bin"/>
    <property name="sun.java.command" value="C:\Users\MINE\AppData\Local\Temp\surefire8370312396383096686\surefirebooter-20231104190259460_3.jar C:\Users\MINE\AppData\Local\Temp\surefire8370312396383096686 2023-11-04T19-02-59_146-jvmRun1 surefire-20231104190259460_1tmp surefire_0-20231104190259460_2tmp"/>
    <property name="jdk.debug" value="release"/>
    <property name="surefire.test.class.path" value="D:\Docker_Demos\New\AutomationFramework\Airlinegrid\target\test-classes;D:\Docker_Demos\New\AutomationFramework\Airlinegrid\target\classes;C:\Users\MINE\.m2\repository\org\seleniumhq\selenium\selenium-java\4.11.0\selenium-java-4.11.0.jar;C:\Users\MINE\.m2\repository\org\seleniumhq\selenium\selenium-api\4.11.0\selenium-api-4.11.0.jar;C:\Users\MINE\.m2\repository\org\seleniumhq\selenium\selenium-chrome-driver\4.11.0\selenium-chrome-driver-4.11.0.jar;C:\Users\MINE\.m2\repository\com\google\auto\service\auto-service-annotations\1.0.1\auto-service-annotations-1.0.1.jar;C:\Users\MINE\.m2\repository\com\google\guava\guava\31.1-jre\guava-31.1-jre.jar;C:\Users\MINE\.m2\repository\com\google\guava\failureaccess\1.0.1\failureaccess-1.0.1.jar;C:\Users\MINE\.m2\repository\com\google\guava\listenablefuture\9999.0-empty-to-avoid-conflict-with-guava\listenablefuture-9999.0-empty-to-avoid-conflict-with-guava.jar;C:\Users\MINE\.m2\repository\com\google\code\findbugs\jsr305\3.0.2\jsr305-3.0.2.jar;C:\Users\MINE\.m2\repository\org\checkerframework\checker-qual\3.12.0\checker-qual-3.12.0.jar;C:\Users\MINE\.m2\repository\com\google\errorprone\error_prone_annotations\2.11.0\error_prone_annotations-2.11.0.jar;C:\Users\MINE\.m2\repository\com\google\j2objc\j2objc-annotations\1.3\j2objc-annotations-1.3.jar;C:\Users\MINE\.m2\repository\org\seleniumhq\selenium\selenium-chromium-driver\4.11.0\selenium-chromium-driver-4.11.0.jar;C:\Users\MINE\.m2\repository\org\seleniumhq\selenium\selenium-json\4.11.0\selenium-json-4.11.0.jar;C:\Users\MINE\.m2\repository\org\seleniumhq\selenium\selenium-manager\4.11.0\selenium-manager-4.11.0.jar;C:\Users\MINE\.m2\repository\org\seleniumhq\selenium\selenium-devtools-v113\4.11.0\selenium-devtools-v113-4.11.0.jar;C:\Users\MINE\.m2\repository\org\seleniumhq\selenium\selenium-devtools-v114\4.11.0\selenium-devtools-v114-4.11.0.jar;C:\Users\MINE\.m2\repository\org\seleniumhq\selenium\selenium-devtools-v115\4.11.0\selenium-devtools-v115-4.11.0.jar;C:\Users\MINE\.m2\repository\org\seleniumhq\selenium\selenium-devtools-v85\4.11.0\selenium-devtools-v85-4.11.0.jar;C:\Users\MINE\.m2\repository\org\seleniumhq\selenium\selenium-edge-driver\4.11.0\selenium-edge-driver-4.11.0.jar;C:\Users\MINE\.m2\repository\org\seleniumhq\selenium\selenium-firefox-driver\4.11.0\selenium-firefox-driver-4.11.0.jar;C:\Users\MINE\.m2\repository\org\seleniumhq\selenium\selenium-http\4.11.0\selenium-http-4.11.0.jar;C:\Users\MINE\.m2\repository\dev\failsafe\failsafe\3.3.1\failsafe-3.3.1.jar;C:\Users\MINE\.m2\repository\org\seleniumhq\selenium\selenium-ie-driver\4.11.0\selenium-ie-driver-4.11.0.jar;C:\Users\MINE\.m2\repository\org\seleniumhq\selenium\selenium-remote-driver\4.11.0\selenium-remote-driver-4.11.0.jar;C:\Users\MINE\.m2\repository\io\netty\netty-buffer\4.1.92.Final\netty-buffer-4.1.92.Final.jar;C:\Users\MINE\.m2\repository\io\netty\netty-codec-http\4.1.92.Final\netty-codec-http-4.1.92.Final.jar;C:\Users\MINE\.m2\repository\io\netty\netty-codec\4.1.92.Final\netty-codec-4.1.92.Final.jar;C:\Users\MINE\.m2\repository\io\netty\netty-handler\4.1.92.Final\netty-handler-4.1.92.Final.jar;C:\Users\MINE\.m2\repository\io\netty\netty-common\4.1.92.Final\netty-common-4.1.92.Final.jar;C:\Users\MINE\.m2\repository\io\netty\netty-transport-classes-epoll\4.1.92.Final\netty-transport-classes-epoll-4.1.92.Final.jar;C:\Users\MINE\.m2\repository\io\netty\netty-transport-classes-kqueue\4.1.92.Final\netty-transport-classes-kqueue-4.1.92.Final.jar;C:\Users\MINE\.m2\repository\io\netty\netty-transport-native-epoll\4.1.92.Final\netty-transport-native-epoll-4.1.92.Final.jar;C:\Users\MINE\.m2\repository\io\netty\netty-transport-native-kqueue\4.1.92.Final\netty-transport-native-kqueue-4.1.92.Final.jar;C:\Users\MINE\.m2\repository\io\netty\netty-transport-native-unix-common\4.1.92.Final\netty-transport-native-unix-common-4.1.92.Final.jar;C:\Users\MINE\.m2\repository\io\netty\netty-transport\4.1.92.Final\netty-transport-4.1.92.Final.jar;C:\Users\MINE\.m2\repository\io\netty\netty-resolver\4.1.92.Final\netty-resolver-4.1.92.Final.jar;C:\Users\MINE\.m2\repository\io\opentelemetry\opentelemetry-api\1.26.0\opentelemetry-api-1.26.0.jar;C:\Users\MINE\.m2\repository\io\opentelemetry\opentelemetry-context\1.26.0\opentelemetry-context-1.26.0.jar;C:\Users\MINE\.m2\repository\io\opentelemetry\opentelemetry-exporter-logging\1.26.0\opentelemetry-exporter-logging-1.26.0.jar;C:\Users\MINE\.m2\repository\io\opentelemetry\opentelemetry-sdk-metrics\1.26.0\opentelemetry-sdk-metrics-1.26.0.jar;C:\Users\MINE\.m2\repository\io\opentelemetry\opentelemetry-extension-incubator\1.26.0-alpha\opentelemetry-extension-incubator-1.26.0-alpha.jar;C:\Users\MINE\.m2\repository\io\opentelemetry\opentelemetry-sdk-logs\1.26.0-alpha\opentelemetry-sdk-logs-1.26.0-alpha.jar;C:\Users\MINE\.m2\repository\io\opentelemetry\opentelemetry-api-logs\1.26.0-alpha\opentelemetry-api-logs-1.26.0-alpha.jar;C:\Users\MINE\.m2\repository\io\opentelemetry\opentelemetry-api-events\1.26.0-alpha\opentelemetry-api-events-1.26.0-alpha.jar;C:\Users\MINE\.m2\repository\io\opentelemetry\opentelemetry-sdk-common\1.26.0\opentelemetry-sdk-common-1.26.0.jar;C:\Users\MINE\.m2\repository\io\opentelemetry\opentelemetry-sdk-extension-autoconfigure-spi\1.26.0\opentelemetry-sdk-extension-autoconfigure-spi-1.26.0.jar;C:\Users\MINE\.m2\repository\io\opentelemetry\opentelemetry-sdk-extension-autoconfigure\1.26.0-alpha\opentelemetry-sdk-extension-autoconfigure-1.26.0-alpha.jar;C:\Users\MINE\.m2\repository\io\opentelemetry\opentelemetry-sdk-trace\1.26.0\opentelemetry-sdk-trace-1.26.0.jar;C:\Users\MINE\.m2\repository\io\opentelemetry\opentelemetry-sdk\1.26.0\opentelemetry-sdk-1.26.0.jar;C:\Users\MINE\.m2\repository\io\opentelemetry\opentelemetry-semconv\1.26.0-alpha\opentelemetry-semconv-1.26.0-alpha.jar;C:\Users\MINE\.m2\repository\net\bytebuddy\byte-buddy\1.14.4\byte-buddy-1.14.4.jar;C:\Users\MINE\.m2\repository\org\apache\commons\commons-exec\1.3\commons-exec-1.3.jar;C:\Users\MINE\.m2\repository\org\asynchttpclient\async-http-client\2.12.3\async-http-client-2.12.3.jar;C:\Users\MINE\.m2\repository\org\asynchttpclient\async-http-client-netty-utils\2.12.3\async-http-client-netty-utils-2.12.3.jar;C:\Users\MINE\.m2\repository\io\netty\netty-codec-socks\4.1.60.Final\netty-codec-socks-4.1.60.Final.jar;C:\Users\MINE\.m2\repository\io\netty\netty-handler-proxy\4.1.60.Final\netty-handler-proxy-4.1.60.Final.jar;C:\Users\MINE\.m2\repository\io\netty\netty-transport-native-epoll\4.1.60.Final\netty-transport-native-epoll-4.1.60.Final-linux-x86_64.jar;C:\Users\MINE\.m2\repository\io\netty\netty-transport-native-kqueue\4.1.60.Final\netty-transport-native-kqueue-4.1.60.Final-osx-x86_64.jar;C:\Users\MINE\.m2\repository\org\reactivestreams\reactive-streams\1.0.3\reactive-streams-1.0.3.jar;C:\Users\MINE\.m2\repository\com\typesafe\netty\netty-reactive-streams\2.0.4\netty-reactive-streams-2.0.4.jar;C:\Users\MINE\.m2\repository\com\sun\activation\jakarta.activation\1.2.2\jakarta.activation-1.2.2.jar;C:\Users\MINE\.m2\repository\org\seleniumhq\selenium\selenium-safari-driver\4.11.0\selenium-safari-driver-4.11.0.jar;C:\Users\MINE\.m2\repository\org\seleniumhq\selenium\selenium-support\4.11.0\selenium-support-4.11.0.jar;C:\Users\MINE\.m2\repository\ch\qos\logback\logback-classic\1.4.8\logback-classic-1.4.8.jar;C:\Users\MINE\.m2\repository\ch\qos\logback\logback-core\1.4.8\logback-core-1.4.8.jar;C:\Users\MINE\.m2\repository\org\slf4j\slf4j-api\2.0.7\slf4j-api-2.0.7.jar;C:\Users\MINE\.m2\repository\io\github\bonigarcia\webdrivermanager\5.4.0\webdrivermanager-5.4.0.jar;C:\Users\MINE\.m2\repository\com\google\code\gson\gson\2.10.1\gson-2.10.1.jar;C:\Users\MINE\.m2\repository\com\github\docker-java\docker-java\3.3.1\docker-java-3.3.1.jar;C:\Users\MINE\.m2\repository\com\github\docker-java\docker-java-core\3.3.1\docker-java-core-3.3.1.jar;C:\Users\MINE\.m2\repository\com\github\docker-java\docker-java-api\3.3.1\docker-java-api-3.3.1.jar;C:\Users\MINE\.m2\repository\commons-io\commons-io\2.6\commons-io-2.6.jar;C:\Users\MINE\.m2\repository\org\apache\commons\commons-compress\1.21\commons-compress-1.21.jar;C:\Users\MINE\.m2\repository\org\bouncycastle\bcpkix-jdk15on\1.64\bcpkix-jdk15on-1.64.jar;C:\Users\MINE\.m2\repository\org\bouncycastle\bcprov-jdk15on\1.64\bcprov-jdk15on-1.64.jar;C:\Users\MINE\.m2\repository\org\slf4j\jcl-over-slf4j\1.7.30\jcl-over-slf4j-1.7.30.jar;C:\Users\MINE\.m2\repository\com\github\docker-java\docker-java-transport-httpclient5\3.3.1\docker-java-transport-httpclient5-3.3.1.jar;C:\Users\MINE\.m2\repository\com\github\docker-java\docker-java-transport\3.3.1\docker-java-transport-3.3.1.jar;C:\Users\MINE\.m2\repository\net\java\dev\jna\jna\5.12.1\jna-5.12.1.jar;C:\Users\MINE\.m2\repository\org\brotli\dec\0.1.2\dec-0.1.2.jar;C:\Users\MINE\.m2\repository\org\apache\commons\commons-lang3\3.12.0\commons-lang3-3.12.0.jar;C:\Users\MINE\.m2\repository\org\apache\httpcomponents\client5\httpclient5\5.2.1\httpclient5-5.2.1.jar;C:\Users\MINE\.m2\repository\org\apache\httpcomponents\core5\httpcore5\5.2\httpcore5-5.2.jar;C:\Users\MINE\.m2\repository\org\apache\httpcomponents\core5\httpcore5-h2\5.2\httpcore5-h2-5.2.jar;C:\Users\MINE\.m2\repository\com\fasterxml\jackson\core\jackson-databind\2.12.0\jackson-databind-2.12.0.jar;C:\Users\MINE\.m2\repository\com\fasterxml\jackson\core\jackson-annotations\2.12.0\jackson-annotations-2.12.0.jar;C:\Users\MINE\.m2\repository\com\fasterxml\jackson\core\jackson-core\2.12.0\jackson-core-2.12.0.jar;C:\Users\MINE\.m2\repository\org\testng\testng\7.8.0\testng-7.8.0.jar;C:\Users\MINE\.m2\repository\com\beust\jcommander\1.82\jcommander-1.82.jar;C:\Users\MINE\.m2\repository\org\webjars\jquery\3.6.1\jquery-3.6.1.jar;"/>
    <property name="sun.cpu.endian" value="little"/>
    <property name="user.home" value="C:\Users\MINE"/>
    <property name="user.language" value="en"/>
    <property name="java.specification.vendor" value="Oracle Corporation"/>
    <property name="java.version.date" value="2022-04-22"/>
    <property name="java.home" value="C:\Program Files\Java\jdk-17.0.3.1"/>
    <property name="file.separator" value="\"/>
    <property name="basedir" value="D:\Docker_Demos\New\AutomationFramework\Airlinegrid"/>
    <property name="java.vm.compressedOopsMode" value="32-bit"/>
    <property name="line.separator" value="&#10;"/>
    <property name="java.vm.specification.vendor" value="Oracle Corporation"/>
    <property name="java.specification.name" value="Java Platform API Specification"/>
    <property name="surefire.real.class.path" value="C:\Users\MINE\AppData\Local\Temp\surefire8370312396383096686\surefirebooter-20231104190259460_3.jar"/>
    <property name="user.script" value=""/>
    <property name="sun.management.compiler" value="HotSpot 64-Bit Tiered Compilers"/>
    <property name="java.runtime.version" value="17.0.3.1+2-LTS-6"/>
    <property name="user.name" value="MINE"/>
    <property name="path.separator" value=";"/>
    <property name="otel.metrics.exporter" value="none"/>
    <property name="os.version" value="10.0"/>
    <property name="java.runtime.name" value="Java(TM) SE Runtime Environment"/>
    <property name="otel.traces.exporter" value="none"/>
    <property name="file.encoding" value="Cp1252"/>
    <property name="browser" value="chrome"/>
    <property name="java.vm.name" value="Java HotSpot(TM) 64-Bit Server VM"/>
    <property name="localRepository" value="C:\Users\MINE\.m2\repository"/>
    <property name="java.vendor.url.bug" value="https://bugreport.java.com/bugreport/"/>
    <property name="java.io.tmpdir" value="C:\Users\MINE\AppData\Local\Temp\"/>
    <property name="java.version" value="17.0.3.1"/>
    <property name="user.dir" value="D:\Docker_Demos\New\AutomationFramework\Airlinegrid"/>
    <property name="os.arch" value="amd64"/>
    <property name="java.vm.specification.name" value="Java Virtual Machine Specification"/>
    <property name="selenium.grid.enabled" value="true"/>
    <property name="sun.os.patch.level" value=""/>
    <property name="native.encoding" value="Cp1252"/>
    <property name="java.library.path" value="C:\Program Files\Java\jdk-17.0.3.1\bin;C:\WINDOWS\Sun\Java\bin;C:\WINDOWS\system32;C:\WINDOWS;C:\Program Files\Python310\Scripts\;C:\Program Files\Python310\;C:\WINDOWS\system32;C:\WINDOWS;C:\WINDOWS\System32\Wbem;C:\WINDOWS\System32\WindowsPowerShell\v1.0\;C:\WINDOWS\System32\OpenSSH\;C:\Program Files\Python310;C:\Users\MINE\AppData\Roaming\Python\Python310\Scripts;C:\Program Files\nodejs\;C:\Program Files (x86)\NVIDIA Corporation\PhysX\Common;C:\Program Files\NVIDIA Corporation\NVIDIA NvDLISR;C:\ProgramData\chocolatey\bin;C:\HashiCorp\Vagrant\bin;D:\openjdk-11.0.2_windows-x64_bin\jdk-11.0.2\bin;C:\ProgramData\chocolatey\lib\maven\apache-maven-3.8.6\bin;C:\Program Files\Amazon\AWSCLIV2\;C:\WINDOWS\system32;C:\WINDOWS;C:\WINDOWS\System32\Wbem;C:\WINDOWS\System32\WindowsPowerShell\v1.0\;C:\WINDOWS\System32\OpenSSH\;C:\Program Files\Git\cmd;C:\Program Files\PuTTY\;C:\Program Files\Docker\Docker\resources\bin;C:\Program Files\MySQL\MySQL Shell 8.0\bin\;C:\Users\MINE\AppData\Local\Microsoft\WindowsApps;C:\Program Files\Java\jdk-17.0.3.1\bin;C:\Program Files\apache-maven-3.8.5\bin;C:\Program Files\Python310;C:\Users\MINE\AppData\Roaming\Python\Python310\Scripts;;%PyCharm%;C:\Users\MINE\AppData\Local\Programs\Microsoft VS Code\bin;C:\Users\MINE\AppData\Roaming\npm;C:\Program Files\Oracle\VirtualBox;C:\Program Files\JetBrains\PyCharm Community Edition 2022.3.2\bin;;C:\Program Files\JetBrains\IntelliJ IDEA 2023.2\bin;;C:\Users\MINE\AppData\Local\Programs\Fiddler;."/>
    <property name="java.vm.info" value="mixed mode, sharing"/>
    <property name="java.vendor" value="Oracle Corporation"/>
    <property name="java.vm.version" value="17.0.3.1+2-LTS-6"/>
    <property name="sun.io.unicode.encoding" value="UnicodeLittle"/>
    <property name="java.class.version" value="61.0"/>
  </properties>
  <testcase name="user_registration" classname="com.airline.tests.AirlineTestHome" time="4.747">
    <system-out><![CDATA[19:03:01.364 INFO  [           main] &amp#27;[36mc.airline.utils.ResourceLoader&amp#27;[0;39m : reading resource from location: config/defaultconfig.properties
19:03:01.375 INFO  [           main] &amp#27;[36mcom.airline.utils.Config      &amp#27;[0;39m : Test Properties overridden
19:03:01.375 INFO  [           main] &amp#27;[36mcom.airline.utils.Config      &amp#27;[0;39m : KEY --> selenium.grid.hub.host
VALUE --->localhost
19:03:01.375 INFO  [           main] &amp#27;[36mcom.airline.utils.Config      &amp#27;[0;39m : KEY --> browser
VALUE --->chrome
19:03:01.376 INFO  [           main] &amp#27;[36mcom.airline.utils.Config      &amp#27;[0;39m : KEY --> airline.url
VALUE --->https://d1uh9e7cu07ukd.cloudfront.net/selenium-docker/reservation-app/index.html#page-top
19:03:01.376 INFO  [           main] &amp#27;[36mcom.airline.utils.Config      &amp#27;[0;39m : KEY --> vendor.url
VALUE --->https://d1uh9e7cu07ukd.cloudfront.net/selenium-docker/vendor-app/index.html
19:03:01.376 INFO  [           main] &amp#27;[36mcom.airline.utils.Config      &amp#27;[0;39m : KEY --> selenium.grid.url.format
VALUE --->http://%s:4444/wd/hub
19:03:01.376 INFO  [           main] &amp#27;[36mcom.airline.utils.Config      &amp#27;[0;39m : KEY --> selenium.grid.enabled
VALUE --->true
19:03:01.422 INFO  [ TestNG-tests-2] &amp#27;[36mcom.base.test.AbstractTest    &amp#27;[0;39m : 
GRID URL --->http://localhost:4444/wd/hub
19:03:01.422 INFO  [ TestNG-tests-3] &amp#27;[36mcom.base.test.AbstractTest    &amp#27;[0;39m : 
GRID URL --->http://localhost:4444/wd/hub
19:03:01.422 INFO  [ TestNG-tests-4] &amp#27;[36mcom.base.test.AbstractTest    &amp#27;[0;39m : 
GRID URL --->http://localhost:4444/wd/hub
19:03:01.422 INFO  [ TestNG-tests-1] &amp#27;[36mcom.base.test.AbstractTest    &amp#27;[0;39m : 
GRID URL --->http://localhost:4444/wd/hub
19:03:08.521 INFO  [ TestNG-tests-2] &amp#27;[36mc.airline.utils.ResourceLoader&amp#27;[0;39m : reading resource from location: test-data/airline/passenger-2.json
]]></system-out>
    <system-err><![CDATA[Nov 04, 2023 7:03:01 PM org.openqa.selenium.remote.tracing.opentelemetry.OpenTelemetryTracer createTracer
INFO: Using OpenTelemetry for tracing
]]></system-err>
  </testcase>
  <testcase name="user_registration" classname="com.airline.tests.AirlineTestHome" time="3.506">
    <system-out><![CDATA[19:03:22.778 INFO  [ TestNG-tests-4] &amp#27;[36mc.airline.utils.ResourceLoader&amp#27;[0;39m : reading resource from location: test-data/airline/passenger-4.json
]]></system-out>
  </testcase>
  <testcase name="user_registration" classname="com.airline.tests.AirlineTestHome" time="3.287">
    <system-out><![CDATA[19:03:35.484 INFO  [ TestNG-tests-3] &amp#27;[36mc.airline.utils.ResourceLoader&amp#27;[0;39m : reading resource from location: test-data/airline/passenger-3.json
]]></system-out>
  </testcase>
  <testcase name="user_registration" classname="com.airline.tests.AirlineTestHome" time="3.97">
    <system-out><![CDATA[19:03:46.035 INFO  [ TestNG-tests-1] &amp#27;[36mc.airline.utils.ResourceLoader&amp#27;[0;39m : reading resource from location: test-data/airline/passenger-1.json
]]></system-out>
  </testcase>
  <testcase name="registration_confirmation" classname="com.airline.tests.AirlineTestHome" time="2.8"/>
  <testcase name="registration_confirmation" classname="com.airline.tests.AirlineTestHome" time="2.059"/>
  <testcase name="registration_confirmation" classname="com.airline.tests.AirlineTestHome" time="0.84"/>
  <testcase name="registration_confirmation" classname="com.airline.tests.AirlineTestHome" time="1.438"/>
  <testcase name="flight_search" classname="com.airline.tests.AirlineTestHome" time="3.009"/>
  <testcase name="flight_search" classname="com.airline.tests.AirlineTestHome" time="2.623"/>
  <testcase name="flight_search" classname="com.airline.tests.AirlineTestHome" time="3.097"/>
  <testcase name="flight_search" classname="com.airline.tests.AirlineTestHome" time="2.091"/>
  <testcase name="flight_select" classname="com.airline.tests.AirlineTestHome" time="1.768"/>
  <testcase name="flight_select" classname="com.airline.tests.AirlineTestHome" time="2.21"/>
  <testcase name="flight_select" classname="com.airline.tests.AirlineTestHome" time="1.085"/>
  <testcase name="flight_select" classname="com.airline.tests.AirlineTestHome" time="1.67"/>
  <testcase name="flight_confirmation" classname="com.airline.tests.AirlineTestHome" time="0.964">
    <system-out><![CDATA[19:03:21.922 INFO  [ TestNG-tests-2] &amp#27;[36mc.a.pages.FlightConfirmation  &amp#27;[0;39m : Status2023-11-1699104801551 TOTAL PRICE$1169 USD
]]></system-out>
  </testcase>
  <testcase name="flight_confirmation" classname="com.airline.tests.AirlineTestHome" time="1.468">
    <system-out><![CDATA[19:03:34.604 INFO  [ TestNG-tests-4] &amp#27;[36mc.a.pages.FlightConfirmation  &amp#27;[0;39m : Status2023-11-1699104813863 TOTAL PRICE$1169 USD
]]></system-out>
  </testcase>
  <testcase name="flight_confirmation" classname="com.airline.tests.AirlineTestHome" time="1.453">
    <system-out><![CDATA[19:03:45.199 INFO  [ TestNG-tests-3] &amp#27;[36mc.a.pages.FlightConfirmation  &amp#27;[0;39m : Status2023-11-1699104824570 TOTAL PRICE$1169 USD
]]></system-out>
  </testcase>
  <testcase name="flight_confirmation" classname="com.airline.tests.AirlineTestHome" time="0.931">
    <system-out><![CDATA[19:03:56.091 INFO  [ TestNG-tests-1] &amp#27;[36mc.a.pages.FlightConfirmation  &amp#27;[0;39m : Status2023-11-1699104835735 TOTAL PRICE$1169 USD
]]></system-out>
  </testcase>
  <testcase name="login_page" classname="com.vendor.tests.VendorTestHome" time="1.68">
    <system-out><![CDATA[19:03:56.255 INFO  [           main] &amp#27;[36mc.airline.utils.ResourceLoader&amp#27;[0;39m : reading resource from location: config/defaultconfig.properties
19:03:56.257 INFO  [           main] &amp#27;[36mcom.airline.utils.Config      &amp#27;[0;39m : Test Properties overridden
19:03:56.257 INFO  [           main] &amp#27;[36mcom.airline.utils.Config      &amp#27;[0;39m : KEY --> selenium.grid.hub.host
VALUE --->localhost
19:03:56.257 INFO  [           main] &amp#27;[36mcom.airline.utils.Config      &amp#27;[0;39m : KEY --> browser
VALUE --->chrome
19:03:56.257 INFO  [           main] &amp#27;[36mcom.airline.utils.Config      &amp#27;[0;39m : KEY --> airline.url
VALUE --->https://d1uh9e7cu07ukd.cloudfront.net/selenium-docker/reservation-app/index.html#page-top
19:03:56.257 INFO  [           main] &amp#27;[36mcom.airline.utils.Config      &amp#27;[0;39m : KEY --> vendor.url
VALUE --->https://d1uh9e7cu07ukd.cloudfront.net/selenium-docker/vendor-app/index.html
19:03:56.257 INFO  [           main] &amp#27;[36mcom.airline.utils.Config      &amp#27;[0;39m : KEY --> selenium.grid.url.format
VALUE --->http://%s:4444/wd/hub
19:03:56.257 INFO  [           main] &amp#27;[36mcom.airline.utils.Config      &amp#27;[0;39m : KEY --> selenium.grid.enabled
VALUE --->true
19:03:56.259 INFO  [ TestNG-tests-2] &amp#27;[36mcom.base.test.AbstractTest    &amp#27;[0;39m : 
GRID URL --->http://localhost:4444/wd/hub
19:03:56.259 INFO  [ TestNG-tests-1] &amp#27;[36mcom.base.test.AbstractTest    &amp#27;[0;39m : 
GRID URL --->http://localhost:4444/wd/hub
19:03:56.259 INFO  [ TestNG-tests-3] &amp#27;[36mcom.base.test.AbstractTest    &amp#27;[0;39m : 
GRID URL --->http://localhost:4444/wd/hub
19:03:56.972 INFO  [ TestNG-tests-3] &amp#27;[36mc.airline.utils.ResourceLoader&amp#27;[0;39m : reading resource from location: test-data/vendor/john.json
https://d1uh9e7cu07ukd.cloudfront.net/selenium-docker/vendor-app/index.html
]]></system-out>
  </testcase>
  <testcase name="login_page" classname="com.vendor.tests.VendorTestHome" time="1.62">
    <system-out><![CDATA[19:04:02.561 INFO  [ TestNG-tests-2] &amp#27;[36mc.airline.utils.ResourceLoader&amp#27;[0;39m : reading resource from location: test-data/vendor/mike.json
https://d1uh9e7cu07ukd.cloudfront.net/selenium-docker/vendor-app/index.html
]]></system-out>
  </testcase>
  <testcase name="login_page" classname="com.vendor.tests.VendorTestHome" time="1.339">
    <system-out><![CDATA[19:04:09.454 INFO  [ TestNG-tests-1] &amp#27;[36mc.airline.utils.ResourceLoader&amp#27;[0;39m : reading resource from location: test-data/vendor/sam.json
https://d1uh9e7cu07ukd.cloudfront.net/selenium-docker/vendor-app/index.html
]]></system-out>
  </testcase>
  <testcase name="dashboard_test" classname="com.vendor.tests.VendorTestHome" time="3.073">
    <system-out><![CDATA[19:04:00.614 INFO  [ TestNG-tests-3] &amp#27;[36mc.vendor.pages.VendorDashboard&amp#27;[0;39m : Results ---> 0
]]></system-out>
  </testcase>
  <testcase name="dashboard_test" classname="com.vendor.tests.VendorTestHome" time="4.43">
    <system-out><![CDATA[19:04:07.441 INFO  [ TestNG-tests-2] &amp#27;[36mc.vendor.pages.VendorDashboard&amp#27;[0;39m : Results ---> 10
]]></system-out>
  </testcase>
  <testcase name="dashboard_test" classname="com.vendor.tests.VendorTestHome" time="4.63">
    <system-out><![CDATA[19:04:14.235 INFO  [ TestNG-tests-1] &amp#27;[36mc.vendor.pages.VendorDashboard&amp#27;[0;39m : Results ---> 8
]]></system-out>
  </testcase>
</testsuite>