<?xml version="1.0" encoding="UTF-8"?>
<!-- Generated by org.testng.reporters.JUnitReportReporter -->
<testsuite hostname="da45a100aa8a" failures="0" tests="6" name="com.vendor.tests.VendorTestHome" time="14.191" errors="0" timestamp="2023-11-02T18:03:02 GMT" skipped="0">
  <testcase classname="com.vendor.tests.VendorTestHome" name="dashboard_test" time="1.806"/>
  <testcase classname="com.vendor.tests.VendorTestHome" name="dashboard_test" time="3.304"/>
  <testcase classname="com.vendor.tests.VendorTestHome" name="dashboard_test" time="3.660"/>
  <testcase classname="com.vendor.tests.VendorTestHome" name="login_page" time="1.479"/>
  <testcase classname="com.vendor.tests.VendorTestHome" name="login_page" time="1.640"/>
  <testcase classname="com.vendor.tests.VendorTestHome" name="login_page" time="2.302"/>
</testsuite> <!-- com.vendor.tests.VendorTestHome -->
