<?xml version="1.0" encoding="UTF-8"?>
<!-- Generated by org.testng.reporters.JUnitReportReporter -->
<testsuite hostname="DESKTOP-GPC7LG8" failures="0" tests="6" name="com.vendor.tests.VendorTestHome" time="16.771" errors="0" timestamp="2023-11-04T19:04:15 IST" skipped="0">
  <testcase classname="com.vendor.tests.VendorTestHome" name="login_page" time="1.622"/>
  <testcase classname="com.vendor.tests.VendorTestHome" name="dashboard_test" time="4.430"/>
  <testcase classname="com.vendor.tests.VendorTestHome" name="login_page" time="1.338"/>
  <testcase classname="com.vendor.tests.VendorTestHome" name="dashboard_test" time="4.629"/>
  <testcase classname="com.vendor.tests.VendorTestHome" name="dashboard_test" time="3.072"/>
  <testcase classname="com.vendor.tests.VendorTestHome" name="login_page" time="1.680"/>
</testsuite> <!-- com.vendor.tests.VendorTestHome -->
