<?xml version="1.0" encoding="UTF-8"?>
<!-- Generated by org.testng.reporters.JUnitReportReporter -->
<testsuite hostname="DESKTOP-GPC7LG8" failures="0" tests="20" name="com.airline.tests.AirlineTestHome" time="45.019" errors="0" timestamp="2023-11-04T19:04:15 IST" skipped="0">
  <testcase classname="com.airline.tests.AirlineTestHome" name="flight_select" time="1.768"/>
  <testcase classname="com.airline.tests.AirlineTestHome" name="flight_confirmation" time="1.467"/>
  <testcase classname="com.airline.tests.AirlineTestHome" name="flight_select" time="1.670"/>
  <testcase classname="com.airline.tests.AirlineTestHome" name="registration_confirmation" time="2.061"/>
  <testcase classname="com.airline.tests.AirlineTestHome" name="user_registration" time="3.509"/>
  <testcase classname="com.airline.tests.AirlineTestHome" name="flight_search" time="2.623"/>
  <testcase classname="com.airline.tests.AirlineTestHome" name="flight_confirmation" time="0.930"/>
  <testcase classname="com.airline.tests.AirlineTestHome" name="registration_confirmation" time="0.840"/>
  <testcase classname="com.airline.tests.AirlineTestHome" name="flight_confirmation" time="0.963"/>
  <testcase classname="com.airline.tests.AirlineTestHome" name="flight_select" time="1.086"/>
  <testcase classname="com.airline.tests.AirlineTestHome" name="flight_search" time="2.091"/>
  <testcase classname="com.airline.tests.AirlineTestHome" name="user_registration" time="3.288"/>
  <testcase classname="com.airline.tests.AirlineTestHome" name="user_registration" time="4.749"/>
  <testcase classname="com.airline.tests.AirlineTestHome" name="flight_select" time="2.209"/>
  <testcase classname="com.airline.tests.AirlineTestHome" name="flight_search" time="3.096"/>
  <testcase classname="com.airline.tests.AirlineTestHome" name="registration_confirmation" time="2.800"/>
  <testcase classname="com.airline.tests.AirlineTestHome" name="registration_confirmation" time="1.437"/>
  <testcase classname="com.airline.tests.AirlineTestHome" name="flight_search" time="3.008"/>
  <testcase classname="com.airline.tests.AirlineTestHome" name="flight_confirmation" time="1.452"/>
  <testcase classname="com.airline.tests.AirlineTestHome" name="user_registration" time="3.972"/>
</testsuite> <!-- com.airline.tests.AirlineTestHome -->
