<?xml version="1.0" encoding="UTF-8"?>
<!-- Generated by org.testng.reporters.JUnitReportReporter -->
<testsuite hostname="DESKTOP-GPC7LG8" failures="0" tests="6" name="com.vendor.tests.VendorTestHome" time="9.289" errors="0" timestamp="2023-10-01T17:12:26 IST" skipped="0">
  <testcase classname="com.vendor.tests.VendorTestHome" name="login_page" time="1.170"/>
  <system-out/>
  <testcase classname="com.vendor.tests.VendorTestHome" name="dashboard_test" time="1.749"/>
  <system-out/>
  <testcase classname="com.vendor.tests.VendorTestHome" name="login_page" time="0.952"/>
  <system-out/>
  <testcase classname="com.vendor.tests.VendorTestHome" name="dashboard_test" time="2.722"/>
  <system-out/>
  <testcase classname="com.vendor.tests.VendorTestHome" name="dashboard_test" time="1.765"/>
  <system-out/>
  <testcase classname="com.vendor.tests.VendorTestHome" name="login_page" time="0.931"/>
  <system-out/>
</testsuite> <!-- com.vendor.tests.VendorTestHome -->
