<?xml version="1.0" encoding="UTF-8"?>
<!-- Generated by org.testng.reporters.JUnitReportReporter -->
<testsuite hostname="DESKTOP-GPC7LG8" failures="0" tests="20" name="com.airline.tests.AirlineTestHome" time="67.993" errors="0" timestamp="2023-11-01T12:05:40 IST" skipped="0">
  <testcase classname="com.airline.tests.AirlineTestHome" name="user_registration" time="6.886"/>
  <system-out/>
  <testcase classname="com.airline.tests.AirlineTestHome" name="user_registration" time="7.353"/>
  <system-out/>
  <testcase classname="com.airline.tests.AirlineTestHome" name="registration_confirmation" time="1.785"/>
  <system-out/>
  <testcase classname="com.airline.tests.AirlineTestHome" name="flight_search" time="4.513"/>
  <system-out/>
  <testcase classname="com.airline.tests.AirlineTestHome" name="flight_confirmation" time="2.109"/>
  <system-out/>
  <testcase classname="com.airline.tests.AirlineTestHome" name="registration_confirmation" time="1.611"/>
  <system-out/>
  <testcase classname="com.airline.tests.AirlineTestHome" name="flight_confirmation" time="0.896"/>
  <system-out/>
  <testcase classname="com.airline.tests.AirlineTestHome" name="flight_select" time="2.495"/>
  <system-out/>
  <testcase classname="com.airline.tests.AirlineTestHome" name="registration_confirmation" time="1.581"/>
  <system-out/>
  <testcase classname="com.airline.tests.AirlineTestHome" name="flight_select" time="2.265"/>
  <system-out/>
  <testcase classname="com.airline.tests.AirlineTestHome" name="flight_select" time="1.123"/>
  <system-out/>
  <testcase classname="com.airline.tests.AirlineTestHome" name="registration_confirmation" time="2.146"/>
  <system-out/>
  <testcase classname="com.airline.tests.AirlineTestHome" name="flight_search" time="4.240"/>
  <system-out/>
  <testcase classname="com.airline.tests.AirlineTestHome" name="user_registration" time="7.483"/>
  <system-out/>
  <testcase classname="com.airline.tests.AirlineTestHome" name="flight_confirmation" time="0.915"/>
  <system-out/>
  <testcase classname="com.airline.tests.AirlineTestHome" name="flight_search" time="5.102"/>
  <system-out/>
  <testcase classname="com.airline.tests.AirlineTestHome" name="flight_search" time="5.060"/>
  <system-out/>
  <testcase classname="com.airline.tests.AirlineTestHome" name="flight_select" time="1.829"/>
  <system-out/>
  <testcase classname="com.airline.tests.AirlineTestHome" name="flight_confirmation" time="1.051"/>
  <system-out/>
  <testcase classname="com.airline.tests.AirlineTestHome" name="user_registration" time="7.550"/>
  <system-out/>
</testsuite> <!-- com.airline.tests.AirlineTestHome -->
